<?xml version="1.0" encoding="UTF-8"?>
<testng-results skipped="0" failed="0" ignored="0" total="2" passed="2">
  <reporter-output>
  </reporter-output>
  <suite name="Suite" duration-ms="13711" started-at="2019-09-08T03:36:39 PDT" finished-at="2019-09-08T03:36:53 PDT">
    <groups>
    </groups>
    <test name="Test" duration-ms="13711" started-at="2019-09-08T03:36:39 PDT" finished-at="2019-09-08T03:36:53 PDT">
      <class name="org.testleaf.leaftaps.testcases.TC001_LoginLogout">
        <test-method status="PASS" signature="setData()[pri:0, instance:org.testleaf.leaftaps.testcases.TC001_LoginLogout@1610302]" name="setData" is-config="true" duration-ms="31" started-at="2019-09-08T03:36:39 PDT" finished-at="2019-09-08T03:36:39 PDT">
          <reporter-output>
          </reporter-output>
        </test-method> <!-- setData -->
        <test-method status="PASS" signature="startApp()[pri:0, instance:org.testleaf.leaftaps.testcases.TC001_LoginLogout@1610302]" name="startApp" is-config="true" duration-ms="5352" started-at="2019-09-08T03:36:40 PDT" finished-at="2019-09-08T03:36:45 PDT">
          <reporter-output>
          </reporter-output>
        </test-method> <!-- startApp -->
        <test-method status="PASS" signature="runTC001(java.lang.String, java.lang.String)[pri:0, instance:org.testleaf.leaftaps.testcases.TC001_LoginLogout@1610302]" name="runTC001" duration-ms="943" started-at="2019-09-08T03:36:45 PDT" data-provider="fetchData" finished-at="2019-09-08T03:36:46 PDT">
          <params>
            <param index="0">
              <value>
                <![CDATA[Demosalesmanager]]>
              </value>
            </param>
            <param index="1">
              <value>
                <![CDATA[crmsfa]]>
              </value>
            </param>
          </params>
          <reporter-output>
          </reporter-output>
        </test-method> <!-- runTC001 -->
        <test-method status="PASS" signature="closeApp()[pri:0, instance:org.testleaf.leaftaps.testcases.TC001_LoginLogout@1610302]" name="closeApp" is-config="true" duration-ms="151" started-at="2019-09-08T03:36:46 PDT" finished-at="2019-09-08T03:36:46 PDT">
          <reporter-output>
          </reporter-output>
        </test-method> <!-- closeApp -->
        <test-method status="PASS" signature="startApp()[pri:0, instance:org.testleaf.leaftaps.testcases.TC001_LoginLogout@1610302]" name="startApp" is-config="true" duration-ms="4770" started-at="2019-09-08T03:36:46 PDT" finished-at="2019-09-08T03:36:51 PDT">
          <reporter-output>
          </reporter-output>
        </test-method> <!-- startApp -->
        <test-method status="PASS" signature="runTC001(java.lang.String, java.lang.String)[pri:0, instance:org.testleaf.leaftaps.testcases.TC001_LoginLogout@1610302]" name="runTC001" duration-ms="1483" started-at="2019-09-08T03:36:51 PDT" data-provider="fetchData" finished-at="2019-09-08T03:36:53 PDT">
          <params>
            <param index="0">
              <value>
                <![CDATA[DemoCSR]]>
              </value>
            </param>
            <param index="1">
              <value>
                <![CDATA[crmsfa]]>
              </value>
            </param>
          </params>
          <reporter-output>
          </reporter-output>
        </test-method> <!-- runTC001 -->
        <test-method status="PASS" signature="closeApp()[pri:0, instance:org.testleaf.leaftaps.testcases.TC001_LoginLogout@1610302]" name="closeApp" is-config="true" duration-ms="194" started-at="2019-09-08T03:36:53 PDT" finished-at="2019-09-08T03:36:53 PDT">
          <reporter-output>
          </reporter-output>
        </test-method> <!-- closeApp -->
      </class> <!-- org.testleaf.leaftaps.testcases.TC001_LoginLogout -->
    </test> <!-- Test -->
  </suite> <!-- Suite -->
</testng-results>
